<?xml version="1.0" encoding="UTF-8"?>
<beans xmlns="http://www.springframework.org/schema/beans"
	xmlns:xsi="http://www.w3.org/2001/XMLSchema-instance"
	xsi:schemaLocation="http://www.springframework.org/schema/beans http://www.springframework.org/schema/beans/spring-beans-3.0.xsd">

	
	
	<bean id="userService" class="UserService">
		<property name="userDao" ref="userDao" />
		<property name="userLevelUpgradePolicy" ref="userLevelUpgradePolicy" />
		
	</bean>
	

	<bean id = "dataSource" class="org.springframework.jdbc.datasource.SimpleDriverDataSource">
		<property name="driverClass" value="com.mysql.jdbc.Driver" />
		<property name="url" value="jdbc:mysql://localhost:3306/testdb?characterEncoding=utf8&amp;useSSL=false&amp;autoReconnection=true" />
		<property name="username" value="root" />
		<property name="password" value="@min753951" />
	</bean>
	
	<bean id="userDao" class="UserDaoJdbc">
		<property name="dataSource" ref="dataSource" /> 
	</bean>
	
	<bean id="userLevelUpgradePolicy" class="UserLevelUpNewYear">
		<property name="userDao" ref="userDao" />
	</bean>
	

</beans>
